<?xml version="1.0" encoding="UTF-8"?>
<testng-results skipped="0" failed="0" total="1" passed="1">
  <reporter-output>
  </reporter-output>
  <suite name="Default suite" duration-ms="220639" started-at="2015-02-04T15:12:06Z" finished-at="2015-02-04T15:15:47Z">
    <groups>
    </groups>
    <test name="Default test" duration-ms="220639" started-at="2015-02-04T15:12:06Z" finished-at="2015-02-04T15:15:47Z">
      <class name="suite.get_all_links_unautorized">
        <test-method status="PASS" signature="test()[pri:0, instance:suite.get_all_links_unautorized@7f7e9b52]" name="test" duration-ms="220614" started-at="2015-02-04T17:12:06Z" finished-at="2015-02-04T17:15:47Z">
          <reporter-output>
          </reporter-output>
        </test-method> <!-- test -->
      </class> <!-- suite.get_all_links_unautorized -->
    </test> <!-- Default test -->
  </suite> <!-- Default suite -->
</testng-results>
